2024-05-30T01:27:15.920+03:00  INFO 76390 --- [evoynov-tg-bot] [main] r.e.t.bot.EVoynovTelegramBotApplication  : Starting EVoynovTelegramBotApplication using Java 21.0.2 with PID 76390 (/Users/ev/IdeaProjects/tg-bot/target/classes started by ev in /Users/ev/IdeaProjects/tg-bot)
2024-05-30T01:27:15.921+03:00  INFO 76390 --- [evoynov-tg-bot] [main] r.e.t.bot.EVoynovTelegramBotApplication  : The following 1 profile is active: "env"
2024-05-30T01:27:16.187+03:00  INFO 76390 --- [evoynov-tg-bot] [main] .s.d.r.c.RepositoryConfigurationDelegate : Bootstrapping Spring Data JDBC repositories in DEFAULT mode.
2024-05-30T01:27:16.197+03:00  INFO 76390 --- [evoynov-tg-bot] [main] .s.d.r.c.RepositoryConfigurationDelegate : Finished Spring Data repository scanning in 8 ms. Found 0 JDBC repository interfaces.
2024-05-30T01:27:16.392+03:00  INFO 76390 --- [evoynov-tg-bot] [main] o.s.b.w.embedded.tomcat.TomcatWebServer  : Tomcat initialized with port 8080 (http)
2024-05-30T01:27:16.397+03:00  INFO 76390 --- [evoynov-tg-bot] [main] o.apache.catalina.core.StandardService   : Starting service [Tomcat]
2024-05-30T01:27:16.398+03:00  INFO 76390 --- [evoynov-tg-bot] [main] o.apache.catalina.core.StandardEngine    : Starting Servlet engine: [Apache Tomcat/10.1.24]
2024-05-30T01:27:16.423+03:00  INFO 76390 --- [evoynov-tg-bot] [main] o.a.c.c.C.[Tomcat].[localhost].[/]       : Initializing Spring embedded WebApplicationContext
2024-05-30T01:27:16.423+03:00  INFO 76390 --- [evoynov-tg-bot] [main] w.s.c.ServletWebServerApplicationContext : Root WebApplicationContext: initialization completed in 485 ms
2024-05-30T01:27:16.744+03:00  INFO 76390 --- [evoynov-tg-bot] [main] com.zaxxer.hikari.HikariDataSource       : HikariPool-1 - Starting...
2024-05-30T01:27:16.835+03:00  INFO 76390 --- [evoynov-tg-bot] [main] com.zaxxer.hikari.pool.HikariPool        : HikariPool-1 - Added connection org.postgresql.jdbc.PgConnection@1abcd059
2024-05-30T01:27:16.835+03:00  INFO 76390 --- [evoynov-tg-bot] [main] com.zaxxer.hikari.HikariDataSource       : HikariPool-1 - Start completed.
2024-05-30T01:27:21.925+03:00  INFO 76390 --- [evoynov-tg-bot] [main] liquibase.database                       : Set default schema name to app
2024-05-30T01:27:22.100+03:00  INFO 76390 --- [evoynov-tg-bot] [main] liquibase.changelog                      : Creating database history table with name: app.databasechangelog
2024-05-30T01:27:22.124+03:00  INFO 76390 --- [evoynov-tg-bot] [main] liquibase.changelog                      : Reading from app.databasechangelog
2024-05-30T01:27:22.146+03:00  INFO 76390 --- [evoynov-tg-bot] [main] liquibase.ui                             : Database is up to date, no changesets to execute
2024-05-30T01:27:22.147+03:00  INFO 76390 --- [evoynov-tg-bot] [main] liquibase.changelog                      : Reading from app.databasechangelog
2024-05-30T01:27:22.150+03:00  INFO 76390 --- [evoynov-tg-bot] [main] liquibase.util                           : UPDATE SUMMARY
2024-05-30T01:27:22.150+03:00  INFO 76390 --- [evoynov-tg-bot] [main] liquibase.util                           : Run:                          0
2024-05-30T01:27:22.150+03:00  INFO 76390 --- [evoynov-tg-bot] [main] liquibase.util                           : Previously run:               0
2024-05-30T01:27:22.150+03:00  INFO 76390 --- [evoynov-tg-bot] [main] liquibase.util                           : Filtered out:                 0
2024-05-30T01:27:22.150+03:00  INFO 76390 --- [evoynov-tg-bot] [main] liquibase.util                           : -------------------------------
2024-05-30T01:27:22.150+03:00  INFO 76390 --- [evoynov-tg-bot] [main] liquibase.util                           : Total change sets:            0
2024-05-30T01:27:22.150+03:00  INFO 76390 --- [evoynov-tg-bot] [main] liquibase.util                           : Update summary generated
2024-05-30T01:27:22.153+03:00  INFO 76390 --- [evoynov-tg-bot] [main] liquibase.lockservice                    : Successfully released change log lock
2024-05-30T01:27:22.154+03:00  INFO 76390 --- [evoynov-tg-bot] [main] liquibase.command                        : Command execution complete
2024-05-30T01:27:22.229+03:00  INFO 76390 --- [evoynov-tg-bot] [main] o.s.b.w.embedded.tomcat.TomcatWebServer  : Tomcat started on port 8080 (http) with context path '/'
2024-05-30T01:27:22.233+03:00  INFO 76390 --- [evoynov-tg-bot] [main] r.e.t.bot.EVoynovTelegramBotApplication  : Started EVoynovTelegramBotApplication in 6.492 seconds (process running for 6.809)
2024-05-30T01:28:59.928+03:00  INFO 76390 --- [evoynov-tg-bot] [SpringApplicationShutdownHook] com.zaxxer.hikari.HikariDataSource       : HikariPool-1 - Shutdown initiated...
2024-05-30T01:28:59.931+03:00  INFO 76390 --- [evoynov-tg-bot] [SpringApplicationShutdownHook] com.zaxxer.hikari.HikariDataSource       : HikariPool-1 - Shutdown completed.
2024-05-30T01:29:46.086+03:00  INFO 76409 --- [evoynov-tg-bot] [main] r.e.t.bot.EVoynovTelegramBotApplication  : Starting EVoynovTelegramBotApplication using Java 21.0.2 with PID 76409 (/Users/ev/IdeaProjects/tg-bot/target/classes started by ev in /Users/ev/IdeaProjects/tg-bot)
2024-05-30T01:29:46.087+03:00  INFO 76409 --- [evoynov-tg-bot] [main] r.e.t.bot.EVoynovTelegramBotApplication  : The following 1 profile is active: "env"
2024-05-30T01:29:46.396+03:00  INFO 76409 --- [evoynov-tg-bot] [main] .s.d.r.c.RepositoryConfigurationDelegate : Bootstrapping Spring Data JDBC repositories in DEFAULT mode.
2024-05-30T01:29:46.407+03:00  INFO 76409 --- [evoynov-tg-bot] [main] .s.d.r.c.RepositoryConfigurationDelegate : Finished Spring Data repository scanning in 8 ms. Found 0 JDBC repository interfaces.
2024-05-30T01:29:46.612+03:00  INFO 76409 --- [evoynov-tg-bot] [main] o.s.b.w.embedded.tomcat.TomcatWebServer  : Tomcat initialized with port 8080 (http)
2024-05-30T01:29:46.619+03:00  INFO 76409 --- [evoynov-tg-bot] [main] o.apache.catalina.core.StandardService   : Starting service [Tomcat]
2024-05-30T01:29:46.619+03:00  INFO 76409 --- [evoynov-tg-bot] [main] o.apache.catalina.core.StandardEngine    : Starting Servlet engine: [Apache Tomcat/10.1.24]
2024-05-30T01:29:46.646+03:00  INFO 76409 --- [evoynov-tg-bot] [main] o.a.c.c.C.[Tomcat].[localhost].[/]       : Initializing Spring embedded WebApplicationContext
2024-05-30T01:29:46.646+03:00  INFO 76409 --- [evoynov-tg-bot] [main] w.s.c.ServletWebServerApplicationContext : Root WebApplicationContext: initialization completed in 541 ms
2024-05-30T01:29:46.995+03:00  INFO 76409 --- [evoynov-tg-bot] [main] com.zaxxer.hikari.HikariDataSource       : HikariPool-1 - Starting...
2024-05-30T01:29:47.104+03:00  INFO 76409 --- [evoynov-tg-bot] [main] com.zaxxer.hikari.pool.HikariPool        : HikariPool-1 - Added connection org.postgresql.jdbc.PgConnection@214b342f
2024-05-30T01:29:47.104+03:00  INFO 76409 --- [evoynov-tg-bot] [main] com.zaxxer.hikari.HikariDataSource       : HikariPool-1 - Start completed.
2024-05-30T01:29:52.179+03:00  INFO 76409 --- [evoynov-tg-bot] [main] liquibase.database                       : Set default schema name to app
2024-05-30T01:29:52.384+03:00  INFO 76409 --- [evoynov-tg-bot] [main] liquibase.changelog                      : Reading from app.databasechangelog
2024-05-30T01:29:52.394+03:00  INFO 76409 --- [evoynov-tg-bot] [main] liquibase.ui                             : Database is up to date, no changesets to execute
2024-05-30T01:29:52.395+03:00  INFO 76409 --- [evoynov-tg-bot] [main] liquibase.changelog                      : Reading from app.databasechangelog
2024-05-30T01:29:52.398+03:00  INFO 76409 --- [evoynov-tg-bot] [main] liquibase.util                           : UPDATE SUMMARY
2024-05-30T01:29:52.398+03:00  INFO 76409 --- [evoynov-tg-bot] [main] liquibase.util                           : Run:                          0
2024-05-30T01:29:52.398+03:00  INFO 76409 --- [evoynov-tg-bot] [main] liquibase.util                           : Previously run:               0
2024-05-30T01:29:52.398+03:00  INFO 76409 --- [evoynov-tg-bot] [main] liquibase.util                           : Filtered out:                 0
2024-05-30T01:29:52.398+03:00  INFO 76409 --- [evoynov-tg-bot] [main] liquibase.util                           : -------------------------------
2024-05-30T01:29:52.398+03:00  INFO 76409 --- [evoynov-tg-bot] [main] liquibase.util                           : Total change sets:            0
2024-05-30T01:29:52.399+03:00  INFO 76409 --- [evoynov-tg-bot] [main] liquibase.util                           : Update summary generated
2024-05-30T01:29:52.409+03:00  INFO 76409 --- [evoynov-tg-bot] [main] liquibase.lockservice                    : Successfully released change log lock
2024-05-30T01:29:52.410+03:00  INFO 76409 --- [evoynov-tg-bot] [main] liquibase.command                        : Command execution complete
2024-05-30T01:29:52.498+03:00  INFO 76409 --- [evoynov-tg-bot] [main] o.s.b.w.embedded.tomcat.TomcatWebServer  : Tomcat started on port 8080 (http) with context path '/'
2024-05-30T01:29:52.503+03:00  INFO 76409 --- [evoynov-tg-bot] [main] r.e.t.bot.EVoynovTelegramBotApplication  : Started EVoynovTelegramBotApplication in 6.586 seconds (process running for 7.163)
2024-05-30T01:31:28.903+03:00  INFO 76409 --- [evoynov-tg-bot] [SpringApplicationShutdownHook] com.zaxxer.hikari.HikariDataSource       : HikariPool-1 - Shutdown initiated...
2024-05-30T01:31:28.905+03:00  INFO 76409 --- [evoynov-tg-bot] [SpringApplicationShutdownHook] com.zaxxer.hikari.HikariDataSource       : HikariPool-1 - Shutdown completed.
2024-05-30T01:31:34.592+03:00  INFO 76421 --- [evoynov-tg-bot] [main] r.e.t.bot.EVoynovTelegramBotApplication  : Starting EVoynovTelegramBotApplication using Java 21.0.2 with PID 76421 (/Users/ev/IdeaProjects/tg-bot/target/classes started by ev in /Users/ev/IdeaProjects/tg-bot)
2024-05-30T01:31:34.593+03:00  INFO 76421 --- [evoynov-tg-bot] [main] r.e.t.bot.EVoynovTelegramBotApplication  : The following 1 profile is active: "env"
2024-05-30T01:31:34.857+03:00  INFO 76421 --- [evoynov-tg-bot] [main] .s.d.r.c.RepositoryConfigurationDelegate : Bootstrapping Spring Data JDBC repositories in DEFAULT mode.
2024-05-30T01:31:34.866+03:00  INFO 76421 --- [evoynov-tg-bot] [main] .s.d.r.c.RepositoryConfigurationDelegate : Finished Spring Data repository scanning in 7 ms. Found 0 JDBC repository interfaces.
2024-05-30T01:31:35.064+03:00  INFO 76421 --- [evoynov-tg-bot] [main] o.s.b.w.embedded.tomcat.TomcatWebServer  : Tomcat initialized with port 8080 (http)
2024-05-30T01:31:35.071+03:00  INFO 76421 --- [evoynov-tg-bot] [main] o.apache.catalina.core.StandardService   : Starting service [Tomcat]
2024-05-30T01:31:35.071+03:00  INFO 76421 --- [evoynov-tg-bot] [main] o.apache.catalina.core.StandardEngine    : Starting Servlet engine: [Apache Tomcat/10.1.24]
2024-05-30T01:31:35.097+03:00  INFO 76421 --- [evoynov-tg-bot] [main] o.a.c.c.C.[Tomcat].[localhost].[/]       : Initializing Spring embedded WebApplicationContext
2024-05-30T01:31:35.097+03:00  INFO 76421 --- [evoynov-tg-bot] [main] w.s.c.ServletWebServerApplicationContext : Root WebApplicationContext: initialization completed in 488 ms
2024-05-30T01:32:03.507+03:00  INFO 76421 --- [evoynov-tg-bot] [main] com.zaxxer.hikari.HikariDataSource       : HikariPool-1 - Starting...
2024-05-30T01:32:03.612+03:00  INFO 76421 --- [evoynov-tg-bot] [main] com.zaxxer.hikari.pool.HikariPool        : HikariPool-1 - Added connection org.postgresql.jdbc.PgConnection@7ae590f6
2024-05-30T01:32:03.613+03:00  INFO 76421 --- [evoynov-tg-bot] [main] com.zaxxer.hikari.HikariDataSource       : HikariPool-1 - Start completed.
2024-05-30T01:32:08.701+03:00  INFO 76421 --- [evoynov-tg-bot] [main] liquibase.database                       : Set default schema name to app
2024-05-30T01:32:08.911+03:00  INFO 76421 --- [evoynov-tg-bot] [main] liquibase.changelog                      : Reading from app.databasechangelog
2024-05-30T01:32:08.926+03:00  INFO 76421 --- [evoynov-tg-bot] [main] liquibase.ui                             : Database is up to date, no changesets to execute
2024-05-30T01:32:08.927+03:00  INFO 76421 --- [evoynov-tg-bot] [main] liquibase.changelog                      : Reading from app.databasechangelog
2024-05-30T01:32:08.930+03:00  INFO 76421 --- [evoynov-tg-bot] [main] liquibase.util                           : UPDATE SUMMARY
2024-05-30T01:32:08.931+03:00  INFO 76421 --- [evoynov-tg-bot] [main] liquibase.util                           : Run:                          0
2024-05-30T01:32:08.931+03:00  INFO 76421 --- [evoynov-tg-bot] [main] liquibase.util                           : Previously run:               0
2024-05-30T01:32:08.931+03:00  INFO 76421 --- [evoynov-tg-bot] [main] liquibase.util                           : Filtered out:                 0
2024-05-30T01:32:08.931+03:00  INFO 76421 --- [evoynov-tg-bot] [main] liquibase.util                           : -------------------------------
2024-05-30T01:32:08.931+03:00  INFO 76421 --- [evoynov-tg-bot] [main] liquibase.util                           : Total change sets:            0
2024-05-30T01:32:08.931+03:00  INFO 76421 --- [evoynov-tg-bot] [main] liquibase.util                           : Update summary generated
2024-05-30T01:32:08.944+03:00  INFO 76421 --- [evoynov-tg-bot] [main] liquibase.lockservice                    : Successfully released change log lock
2024-05-30T01:32:08.945+03:00  INFO 76421 --- [evoynov-tg-bot] [main] liquibase.command                        : Command execution complete
2024-05-30T01:32:09.044+03:00  INFO 76421 --- [evoynov-tg-bot] [main] o.s.b.w.embedded.tomcat.TomcatWebServer  : Tomcat started on port 8080 (http) with context path '/'
2024-05-30T01:32:09.048+03:00  INFO 76421 --- [evoynov-tg-bot] [main] r.e.t.bot.EVoynovTelegramBotApplication  : Started EVoynovTelegramBotApplication in 34.619 seconds (process running for 34.899)
2024-05-30T01:36:17.036+03:00  INFO 76421 --- [evoynov-tg-bot] [SpringApplicationShutdownHook] com.zaxxer.hikari.HikariDataSource       : HikariPool-1 - Shutdown initiated...
2024-05-30T01:36:17.038+03:00  INFO 76421 --- [evoynov-tg-bot] [SpringApplicationShutdownHook] com.zaxxer.hikari.HikariDataSource       : HikariPool-1 - Shutdown completed.
2024-05-30T01:36:24.365+03:00  INFO 76478 --- [evoynov-tg-bot] [main] r.e.t.bot.EVoynovTelegramBotApplication  : Starting EVoynovTelegramBotApplication using Java 21.0.2 with PID 76478 (/Users/ev/IdeaProjects/tg-bot/target/classes started by ev in /Users/ev/IdeaProjects/tg-bot)
2024-05-30T01:36:24.366+03:00  INFO 76478 --- [evoynov-tg-bot] [main] r.e.t.bot.EVoynovTelegramBotApplication  : The following 1 profile is active: "env"
2024-05-30T01:36:24.654+03:00  INFO 76478 --- [evoynov-tg-bot] [main] .s.d.r.c.RepositoryConfigurationDelegate : Bootstrapping Spring Data JDBC repositories in DEFAULT mode.
2024-05-30T01:36:24.665+03:00  INFO 76478 --- [evoynov-tg-bot] [main] .s.d.r.c.RepositoryConfigurationDelegate : Finished Spring Data repository scanning in 9 ms. Found 0 JDBC repository interfaces.
2024-05-30T01:36:24.872+03:00  INFO 76478 --- [evoynov-tg-bot] [main] o.s.b.w.embedded.tomcat.TomcatWebServer  : Tomcat initialized with port 8080 (http)
2024-05-30T01:36:24.878+03:00  INFO 76478 --- [evoynov-tg-bot] [main] o.apache.catalina.core.StandardService   : Starting service [Tomcat]
2024-05-30T01:36:24.878+03:00  INFO 76478 --- [evoynov-tg-bot] [main] o.apache.catalina.core.StandardEngine    : Starting Servlet engine: [Apache Tomcat/10.1.24]
2024-05-30T01:36:24.903+03:00  INFO 76478 --- [evoynov-tg-bot] [main] o.a.c.c.C.[Tomcat].[localhost].[/]       : Initializing Spring embedded WebApplicationContext
2024-05-30T01:36:24.904+03:00  INFO 76478 --- [evoynov-tg-bot] [main] w.s.c.ServletWebServerApplicationContext : Root WebApplicationContext: initialization completed in 519 ms
2024-05-30T01:37:41.909+03:00  INFO 76478 --- [evoynov-tg-bot] [main] com.zaxxer.hikari.HikariDataSource       : HikariPool-1 - Starting...
2024-05-30T01:37:42.010+03:00  INFO 76478 --- [evoynov-tg-bot] [main] com.zaxxer.hikari.pool.HikariPool        : HikariPool-1 - Added connection org.postgresql.jdbc.PgConnection@37d699a1
2024-05-30T01:37:42.011+03:00  INFO 76478 --- [evoynov-tg-bot] [main] com.zaxxer.hikari.HikariDataSource       : HikariPool-1 - Start completed.
2024-05-30T01:37:47.105+03:00  INFO 76478 --- [evoynov-tg-bot] [main] liquibase.database                       : Set default schema name to app
2024-05-30T01:37:47.306+03:00  INFO 76478 --- [evoynov-tg-bot] [main] liquibase.changelog                      : Reading from app.databasechangelog
2024-05-30T01:37:47.317+03:00  INFO 76478 --- [evoynov-tg-bot] [main] liquibase.ui                             : Database is up to date, no changesets to execute
2024-05-30T01:37:47.318+03:00  INFO 76478 --- [evoynov-tg-bot] [main] liquibase.changelog                      : Reading from app.databasechangelog
2024-05-30T01:37:47.322+03:00  INFO 76478 --- [evoynov-tg-bot] [main] liquibase.util                           : UPDATE SUMMARY
2024-05-30T01:37:47.322+03:00  INFO 76478 --- [evoynov-tg-bot] [main] liquibase.util                           : Run:                          0
2024-05-30T01:37:47.322+03:00  INFO 76478 --- [evoynov-tg-bot] [main] liquibase.util                           : Previously run:               0
2024-05-30T01:37:47.322+03:00  INFO 76478 --- [evoynov-tg-bot] [main] liquibase.util                           : Filtered out:                 0
2024-05-30T01:37:47.322+03:00  INFO 76478 --- [evoynov-tg-bot] [main] liquibase.util                           : -------------------------------
2024-05-30T01:37:47.322+03:00  INFO 76478 --- [evoynov-tg-bot] [main] liquibase.util                           : Total change sets:            0
2024-05-30T01:37:47.322+03:00  INFO 76478 --- [evoynov-tg-bot] [main] liquibase.util                           : Update summary generated
2024-05-30T01:37:47.333+03:00  INFO 76478 --- [evoynov-tg-bot] [main] liquibase.lockservice                    : Successfully released change log lock
2024-05-30T01:37:47.334+03:00  INFO 76478 --- [evoynov-tg-bot] [main] liquibase.command                        : Command execution complete
2024-05-30T01:37:47.421+03:00  INFO 76478 --- [evoynov-tg-bot] [main] o.s.b.w.embedded.tomcat.TomcatWebServer  : Tomcat started on port 8080 (http) with context path '/'
2024-05-30T01:37:47.426+03:00  INFO 76478 --- [evoynov-tg-bot] [main] r.e.t.bot.EVoynovTelegramBotApplication  : Started EVoynovTelegramBotApplication in 83.234 seconds (process running for 83.518)
2024-05-30T01:44:20.996+03:00  INFO 76478 --- [evoynov-tg-bot] [SpringApplicationShutdownHook] com.zaxxer.hikari.HikariDataSource       : HikariPool-1 - Shutdown initiated...
2024-05-30T01:44:21.001+03:00  INFO 76478 --- [evoynov-tg-bot] [SpringApplicationShutdownHook] com.zaxxer.hikari.HikariDataSource       : HikariPool-1 - Shutdown completed.
2024-05-30T01:44:28.862+03:00  INFO 76556 --- [evoynov-tg-bot] [main] r.e.t.bot.EVoynovTelegramBotApplication  : Starting EVoynovTelegramBotApplication using Java 21.0.2 with PID 76556 (/Users/ev/IdeaProjects/tg-bot/target/classes started by ev in /Users/ev/IdeaProjects/tg-bot)
2024-05-30T01:44:28.863+03:00  INFO 76556 --- [evoynov-tg-bot] [main] r.e.t.bot.EVoynovTelegramBotApplication  : The following 1 profile is active: "env"
2024-05-30T01:44:29.127+03:00  INFO 76556 --- [evoynov-tg-bot] [main] .s.d.r.c.RepositoryConfigurationDelegate : Bootstrapping Spring Data JDBC repositories in DEFAULT mode.
2024-05-30T01:44:29.137+03:00  INFO 76556 --- [evoynov-tg-bot] [main] .s.d.r.c.RepositoryConfigurationDelegate : Finished Spring Data repository scanning in 8 ms. Found 0 JDBC repository interfaces.
2024-05-30T01:44:29.341+03:00  INFO 76556 --- [evoynov-tg-bot] [main] o.s.b.w.embedded.tomcat.TomcatWebServer  : Tomcat initialized with port 8080 (http)
2024-05-30T01:44:29.347+03:00  INFO 76556 --- [evoynov-tg-bot] [main] o.apache.catalina.core.StandardService   : Starting service [Tomcat]
2024-05-30T01:44:29.347+03:00  INFO 76556 --- [evoynov-tg-bot] [main] o.apache.catalina.core.StandardEngine    : Starting Servlet engine: [Apache Tomcat/10.1.24]
2024-05-30T01:44:29.374+03:00  INFO 76556 --- [evoynov-tg-bot] [main] o.a.c.c.C.[Tomcat].[localhost].[/]       : Initializing Spring embedded WebApplicationContext
2024-05-30T01:44:29.374+03:00  INFO 76556 --- [evoynov-tg-bot] [main] w.s.c.ServletWebServerApplicationContext : Root WebApplicationContext: initialization completed in 495 ms
2024-05-30T01:44:57.051+03:00  INFO 76556 --- [evoynov-tg-bot] [main] com.zaxxer.hikari.HikariDataSource       : HikariPool-1 - Starting...
2024-05-30T01:44:57.160+03:00  INFO 76556 --- [evoynov-tg-bot] [main] com.zaxxer.hikari.pool.HikariPool        : HikariPool-1 - Added connection org.postgresql.jdbc.PgConnection@37d699a1
2024-05-30T01:44:57.161+03:00  INFO 76556 --- [evoynov-tg-bot] [main] com.zaxxer.hikari.HikariDataSource       : HikariPool-1 - Start completed.
2024-05-30T01:45:02.253+03:00  INFO 76556 --- [evoynov-tg-bot] [main] liquibase.database                       : Set default schema name to app
2024-05-30T01:45:02.456+03:00  INFO 76556 --- [evoynov-tg-bot] [main] liquibase.changelog                      : Reading from app.databasechangelog
2024-05-30T01:45:02.467+03:00  INFO 76556 --- [evoynov-tg-bot] [main] liquibase.ui                             : Database is up to date, no changesets to execute
2024-05-30T01:45:02.468+03:00  INFO 76556 --- [evoynov-tg-bot] [main] liquibase.changelog                      : Reading from app.databasechangelog
2024-05-30T01:45:02.471+03:00  INFO 76556 --- [evoynov-tg-bot] [main] liquibase.util                           : UPDATE SUMMARY
2024-05-30T01:45:02.471+03:00  INFO 76556 --- [evoynov-tg-bot] [main] liquibase.util                           : Run:                          0
2024-05-30T01:45:02.471+03:00  INFO 76556 --- [evoynov-tg-bot] [main] liquibase.util                           : Previously run:               0
2024-05-30T01:45:02.471+03:00  INFO 76556 --- [evoynov-tg-bot] [main] liquibase.util                           : Filtered out:                 0
2024-05-30T01:45:02.471+03:00  INFO 76556 --- [evoynov-tg-bot] [main] liquibase.util                           : -------------------------------
2024-05-30T01:45:02.471+03:00  INFO 76556 --- [evoynov-tg-bot] [main] liquibase.util                           : Total change sets:            0
2024-05-30T01:45:02.471+03:00  INFO 76556 --- [evoynov-tg-bot] [main] liquibase.util                           : Update summary generated
2024-05-30T01:45:02.482+03:00  INFO 76556 --- [evoynov-tg-bot] [main] liquibase.lockservice                    : Successfully released change log lock
2024-05-30T01:45:02.483+03:00  INFO 76556 --- [evoynov-tg-bot] [main] liquibase.command                        : Command execution complete
2024-05-30T01:45:02.570+03:00  INFO 76556 --- [evoynov-tg-bot] [main] o.s.b.w.embedded.tomcat.TomcatWebServer  : Tomcat started on port 8080 (http) with context path '/'
2024-05-30T01:45:02.575+03:00  INFO 76556 --- [evoynov-tg-bot] [main] r.e.t.bot.EVoynovTelegramBotApplication  : Started EVoynovTelegramBotApplication in 33.882 seconds (process running for 34.185)
2024-05-30T01:47:22.185+03:00  INFO 76556 --- [evoynov-tg-bot] [SpringApplicationShutdownHook] com.zaxxer.hikari.HikariDataSource       : HikariPool-1 - Shutdown initiated...
2024-05-30T01:47:22.187+03:00  INFO 76556 --- [evoynov-tg-bot] [SpringApplicationShutdownHook] com.zaxxer.hikari.HikariDataSource       : HikariPool-1 - Shutdown completed.
2024-05-30T01:47:29.655+03:00  INFO 76577 --- [evoynov-tg-bot] [main] r.e.t.bot.EVoynovTelegramBotApplication  : Starting EVoynovTelegramBotApplication using Java 21.0.2 with PID 76577 (/Users/ev/IdeaProjects/tg-bot/target/classes started by ev in /Users/ev/IdeaProjects/tg-bot)
2024-05-30T01:47:29.656+03:00  INFO 76577 --- [evoynov-tg-bot] [main] r.e.t.bot.EVoynovTelegramBotApplication  : The following 1 profile is active: "env"
2024-05-30T01:47:29.921+03:00  INFO 76577 --- [evoynov-tg-bot] [main] .s.d.r.c.RepositoryConfigurationDelegate : Bootstrapping Spring Data JDBC repositories in DEFAULT mode.
2024-05-30T01:47:29.932+03:00  INFO 76577 --- [evoynov-tg-bot] [main] .s.d.r.c.RepositoryConfigurationDelegate : Finished Spring Data repository scanning in 8 ms. Found 0 JDBC repository interfaces.
2024-05-30T01:47:30.132+03:00  INFO 76577 --- [evoynov-tg-bot] [main] o.s.b.w.embedded.tomcat.TomcatWebServer  : Tomcat initialized with port 8080 (http)
2024-05-30T01:47:30.138+03:00  INFO 76577 --- [evoynov-tg-bot] [main] o.apache.catalina.core.StandardService   : Starting service [Tomcat]
2024-05-30T01:47:30.138+03:00  INFO 76577 --- [evoynov-tg-bot] [main] o.apache.catalina.core.StandardEngine    : Starting Servlet engine: [Apache Tomcat/10.1.24]
2024-05-30T01:47:30.164+03:00  INFO 76577 --- [evoynov-tg-bot] [main] o.a.c.c.C.[Tomcat].[localhost].[/]       : Initializing Spring embedded WebApplicationContext
2024-05-30T01:47:30.164+03:00  INFO 76577 --- [evoynov-tg-bot] [main] w.s.c.ServletWebServerApplicationContext : Root WebApplicationContext: initialization completed in 491 ms
2024-05-30T01:48:09.804+03:00  INFO 76577 --- [evoynov-tg-bot] [main] com.zaxxer.hikari.HikariDataSource       : HikariPool-1 - Starting...
2024-05-30T01:48:09.892+03:00  INFO 76577 --- [evoynov-tg-bot] [main] com.zaxxer.hikari.pool.HikariPool        : HikariPool-1 - Added connection org.postgresql.jdbc.PgConnection@eded048
2024-05-30T01:48:09.893+03:00  INFO 76577 --- [evoynov-tg-bot] [main] com.zaxxer.hikari.HikariDataSource       : HikariPool-1 - Start completed.
2024-05-30T01:48:14.978+03:00  INFO 76577 --- [evoynov-tg-bot] [main] liquibase.database                       : Set default schema name to app
2024-05-30T01:48:15.176+03:00  INFO 76577 --- [evoynov-tg-bot] [main] liquibase.changelog                      : Reading from app.databasechangelog
2024-05-30T01:48:15.188+03:00  INFO 76577 --- [evoynov-tg-bot] [main] liquibase.ui                             : Database is up to date, no changesets to execute
2024-05-30T01:48:15.189+03:00  INFO 76577 --- [evoynov-tg-bot] [main] liquibase.changelog                      : Reading from app.databasechangelog
2024-05-30T01:48:15.193+03:00  INFO 76577 --- [evoynov-tg-bot] [main] liquibase.util                           : UPDATE SUMMARY
2024-05-30T01:48:15.193+03:00  INFO 76577 --- [evoynov-tg-bot] [main] liquibase.util                           : Run:                          0
2024-05-30T01:48:15.193+03:00  INFO 76577 --- [evoynov-tg-bot] [main] liquibase.util                           : Previously run:               0
2024-05-30T01:48:15.193+03:00  INFO 76577 --- [evoynov-tg-bot] [main] liquibase.util                           : Filtered out:                 0
2024-05-30T01:48:15.193+03:00  INFO 76577 --- [evoynov-tg-bot] [main] liquibase.util                           : -------------------------------
2024-05-30T01:48:15.193+03:00  INFO 76577 --- [evoynov-tg-bot] [main] liquibase.util                           : Total change sets:            0
2024-05-30T01:48:15.193+03:00  INFO 76577 --- [evoynov-tg-bot] [main] liquibase.util                           : Update summary generated
2024-05-30T01:48:15.204+03:00  INFO 76577 --- [evoynov-tg-bot] [main] liquibase.lockservice                    : Successfully released change log lock
2024-05-30T01:48:15.205+03:00  INFO 76577 --- [evoynov-tg-bot] [main] liquibase.command                        : Command execution complete
2024-05-30T01:48:15.291+03:00  INFO 76577 --- [evoynov-tg-bot] [main] o.s.b.w.embedded.tomcat.TomcatWebServer  : Tomcat started on port 8080 (http) with context path '/'
2024-05-30T01:48:15.296+03:00  INFO 76577 --- [evoynov-tg-bot] [main] r.e.t.bot.EVoynovTelegramBotApplication  : Started EVoynovTelegramBotApplication in 45.808 seconds (process running for 46.084)
2024-05-30T01:49:23.054+03:00  INFO 76577 --- [evoynov-tg-bot] [@EVoynovTestBot Telegram Executor] r.e.telegram.bot.flow.command.Command    : Имя пользователя: Женя Войнов
При регистрации пользователь указал номер телефона: 79688834969
Подтвердить учетную запись: http://localhost:8080/api/v1/approve/201786839
Отклонить учетную запись: http://localhost:8080/api/v1/reject/201786839
2024-05-30T01:49:32.424+03:00  INFO 76577 --- [evoynov-tg-bot] [http-nio-8080-exec-1] o.a.c.c.C.[Tomcat].[localhost].[/]       : Initializing Spring DispatcherServlet 'dispatcherServlet'
2024-05-30T01:49:32.424+03:00  INFO 76577 --- [evoynov-tg-bot] [http-nio-8080-exec-1] o.s.web.servlet.DispatcherServlet        : Initializing Servlet 'dispatcherServlet'
2024-05-30T01:49:32.425+03:00  INFO 76577 --- [evoynov-tg-bot] [http-nio-8080-exec-1] o.s.web.servlet.DispatcherServlet        : Completed initialization in 1 ms
2024-05-30T01:50:27.357+03:00  INFO 76577 --- [evoynov-tg-bot] [SpringApplicationShutdownHook] com.zaxxer.hikari.HikariDataSource       : HikariPool-1 - Shutdown initiated...
2024-05-30T01:50:27.358+03:00  INFO 76577 --- [evoynov-tg-bot] [SpringApplicationShutdownHook] com.zaxxer.hikari.HikariDataSource       : HikariPool-1 - Shutdown completed.
2024-05-30T01:52:35.713+03:00  INFO 76637 --- [evoynov-tg-bot] [main] r.e.t.bot.EVoynovTelegramBotApplication  : Starting EVoynovTelegramBotApplication using Java 21.0.2 with PID 76637 (/Users/ev/IdeaProjects/tg-bot/target/classes started by ev in /Users/ev/IdeaProjects/tg-bot)
2024-05-30T01:52:35.717+03:00  INFO 76637 --- [evoynov-tg-bot] [main] r.e.t.bot.EVoynovTelegramBotApplication  : The following 1 profile is active: "env"
2024-05-30T01:52:35.972+03:00  INFO 76637 --- [evoynov-tg-bot] [main] .s.d.r.c.RepositoryConfigurationDelegate : Bootstrapping Spring Data JDBC repositories in DEFAULT mode.
2024-05-30T01:52:35.982+03:00  INFO 76637 --- [evoynov-tg-bot] [main] .s.d.r.c.RepositoryConfigurationDelegate : Finished Spring Data repository scanning in 8 ms. Found 0 JDBC repository interfaces.
2024-05-30T01:52:36.181+03:00  INFO 76637 --- [evoynov-tg-bot] [main] o.s.b.w.embedded.tomcat.TomcatWebServer  : Tomcat initialized with port 8080 (http)
2024-05-30T01:52:36.186+03:00  INFO 76637 --- [evoynov-tg-bot] [main] o.apache.catalina.core.StandardService   : Starting service [Tomcat]
2024-05-30T01:52:36.186+03:00  INFO 76637 --- [evoynov-tg-bot] [main] o.apache.catalina.core.StandardEngine    : Starting Servlet engine: [Apache Tomcat/10.1.24]
2024-05-30T01:52:36.213+03:00  INFO 76637 --- [evoynov-tg-bot] [main] o.a.c.c.C.[Tomcat].[localhost].[/]       : Initializing Spring embedded WebApplicationContext
2024-05-30T01:52:36.213+03:00  INFO 76637 --- [evoynov-tg-bot] [main] w.s.c.ServletWebServerApplicationContext : Root WebApplicationContext: initialization completed in 478 ms
2024-05-30T01:52:51.289+03:00  INFO 76637 --- [evoynov-tg-bot] [main] com.zaxxer.hikari.HikariDataSource       : HikariPool-1 - Starting...
2024-05-30T01:52:51.404+03:00  INFO 76637 --- [evoynov-tg-bot] [main] com.zaxxer.hikari.pool.HikariPool        : HikariPool-1 - Added connection org.postgresql.jdbc.PgConnection@697a92af
2024-05-30T01:52:51.405+03:00  INFO 76637 --- [evoynov-tg-bot] [main] com.zaxxer.hikari.HikariDataSource       : HikariPool-1 - Start completed.
2024-05-30T01:52:56.501+03:00  INFO 76637 --- [evoynov-tg-bot] [main] liquibase.database                       : Set default schema name to app
2024-05-30T01:52:59.807+03:00 ERROR 76637 --- [evoynov-tg-bot] [@EVoynovTestBot Telegram Executor] o.t.t.u.DefaultBotSession                : com.fasterxml.jackson.databind.exc.InvalidDefinitionException: Cannot construct instance of `ru.evoynov.telegram.bot.storage.ChatState` (no Creators, like default constructor, exist): cannot deserialize from Object value (no delegate- or property-based Creator)
 at [Source: REDACTED (`StreamReadFeature.INCLUDE_SOURCE_IN_LOCATION` disabled); line: 1, column: 15] (through reference chain: ru.evoynov.telegram.bot.storage.ChatStateMap["201786839"])

java.lang.RuntimeException: com.fasterxml.jackson.databind.exc.InvalidDefinitionException: Cannot construct instance of `ru.evoynov.telegram.bot.storage.ChatState` (no Creators, like default constructor, exist): cannot deserialize from Object value (no delegate- or property-based Creator)
 at [Source: REDACTED (`StreamReadFeature.INCLUDE_SOURCE_IN_LOCATION` disabled); line: 1, column: 15] (through reference chain: ru.evoynov.telegram.bot.storage.ChatStateMap["201786839"])
	at ru.evoynov.telegram.bot.storage.ChatStateMap.restore(ChatStateMap.java:48)
	at ru.evoynov.telegram.bot.storage.ChatStateStorage.getState(ChatStateStorage.java:19)
	at ru.evoynov.telegram.bot.flow.EntryBot.onUpdateReceived(EntryBot.java:98)
	at java.base/java.util.ArrayList.forEach(ArrayList.java:1596)
	at org.telegram.telegrambots.meta.generics.LongPollingBot.onUpdatesReceived(LongPollingBot.java:27)
	at org.telegram.telegrambots.updatesreceivers.DefaultBotSession$HandlerThread.run(DefaultBotSession.java:312)
Caused by: com.fasterxml.jackson.databind.exc.InvalidDefinitionException: Cannot construct instance of `ru.evoynov.telegram.bot.storage.ChatState` (no Creators, like default constructor, exist): cannot deserialize from Object value (no delegate- or property-based Creator)
 at [Source: REDACTED (`StreamReadFeature.INCLUDE_SOURCE_IN_LOCATION` disabled); line: 1, column: 15] (through reference chain: ru.evoynov.telegram.bot.storage.ChatStateMap["201786839"])
	at com.fasterxml.jackson.databind.exc.InvalidDefinitionException.from(InvalidDefinitionException.java:67)
	at com.fasterxml.jackson.databind.DeserializationContext.reportBadDefinition(DeserializationContext.java:1887)
	at com.fasterxml.jackson.databind.DatabindContext.reportBadDefinition(DatabindContext.java:414)
	at com.fasterxml.jackson.databind.DeserializationContext.handleMissingInstantiator(DeserializationContext.java:1375)
	at com.fasterxml.jackson.databind.deser.BeanDeserializerBase.deserializeFromObjectUsingNonDefault(BeanDeserializerBase.java:1508)
	at com.fasterxml.jackson.databind.deser.BeanDeserializer.deserializeFromObject(BeanDeserializer.java:348)
	at com.fasterxml.jackson.databind.deser.BeanDeserializer.deserialize(BeanDeserializer.java:185)
	at com.fasterxml.jackson.databind.deser.std.MapDeserializer._readAndBind(MapDeserializer.java:557)
	at com.fasterxml.jackson.databind.deser.std.MapDeserializer.deserialize(MapDeserializer.java:451)
	at com.fasterxml.jackson.databind.deser.std.MapDeserializer.deserialize(MapDeserializer.java:32)
	at com.fasterxml.jackson.databind.deser.DefaultDeserializationContext.readRootValue(DefaultDeserializationContext.java:342)
	at com.fasterxml.jackson.databind.ObjectMapper._readMapAndClose(ObjectMapper.java:4905)
	at com.fasterxml.jackson.databind.ObjectMapper.readValue(ObjectMapper.java:3733)
	at ru.evoynov.telegram.bot.storage.ChatStateMap.restore(ChatStateMap.java:44)
	... 5 common frames omitted

2024-05-30T01:52:59.831+03:00  INFO 76637 --- [evoynov-tg-bot] [main] liquibase.changelog                      : Reading from app.databasechangelog
2024-05-30T01:52:59.842+03:00  INFO 76637 --- [evoynov-tg-bot] [main] liquibase.ui                             : Database is up to date, no changesets to execute
2024-05-30T01:52:59.843+03:00  INFO 76637 --- [evoynov-tg-bot] [main] liquibase.changelog                      : Reading from app.databasechangelog
2024-05-30T01:52:59.845+03:00  INFO 76637 --- [evoynov-tg-bot] [main] liquibase.util                           : UPDATE SUMMARY
2024-05-30T01:52:59.845+03:00  INFO 76637 --- [evoynov-tg-bot] [main] liquibase.util                           : Run:                          0
2024-05-30T01:52:59.846+03:00  INFO 76637 --- [evoynov-tg-bot] [main] liquibase.util                           : Previously run:               0
2024-05-30T01:52:59.846+03:00  INFO 76637 --- [evoynov-tg-bot] [main] liquibase.util                           : Filtered out:                 0
2024-05-30T01:52:59.846+03:00  INFO 76637 --- [evoynov-tg-bot] [main] liquibase.util                           : -------------------------------
2024-05-30T01:52:59.846+03:00  INFO 76637 --- [evoynov-tg-bot] [main] liquibase.util                           : Total change sets:            0
2024-05-30T01:52:59.846+03:00  INFO 76637 --- [evoynov-tg-bot] [main] liquibase.util                           : Update summary generated
2024-05-30T01:52:59.855+03:00  INFO 76637 --- [evoynov-tg-bot] [main] liquibase.lockservice                    : Successfully released change log lock
2024-05-30T01:52:59.857+03:00  INFO 76637 --- [evoynov-tg-bot] [main] liquibase.command                        : Command execution complete
2024-05-30T01:52:59.938+03:00  INFO 76637 --- [evoynov-tg-bot] [main] o.s.b.w.embedded.tomcat.TomcatWebServer  : Tomcat started on port 8080 (http) with context path '/'
2024-05-30T01:52:59.942+03:00  INFO 76637 --- [evoynov-tg-bot] [main] r.e.t.bot.EVoynovTelegramBotApplication  : Started EVoynovTelegramBotApplication in 24.392 seconds (process running for 24.68)
2024-05-30T01:53:08.979+03:00 ERROR 76637 --- [evoynov-tg-bot] [@EVoynovTestBot Telegram Executor] o.t.t.u.DefaultBotSession                : com.fasterxml.jackson.databind.exc.InvalidDefinitionException: Cannot construct instance of `ru.evoynov.telegram.bot.storage.ChatState` (no Creators, like default constructor, exist): cannot deserialize from Object value (no delegate- or property-based Creator)
 at [Source: REDACTED (`StreamReadFeature.INCLUDE_SOURCE_IN_LOCATION` disabled); line: 1, column: 15] (through reference chain: ru.evoynov.telegram.bot.storage.ChatStateMap["201786839"])

java.lang.RuntimeException: com.fasterxml.jackson.databind.exc.InvalidDefinitionException: Cannot construct instance of `ru.evoynov.telegram.bot.storage.ChatState` (no Creators, like default constructor, exist): cannot deserialize from Object value (no delegate- or property-based Creator)
 at [Source: REDACTED (`StreamReadFeature.INCLUDE_SOURCE_IN_LOCATION` disabled); line: 1, column: 15] (through reference chain: ru.evoynov.telegram.bot.storage.ChatStateMap["201786839"])
	at ru.evoynov.telegram.bot.storage.ChatStateMap.restore(ChatStateMap.java:48)
	at ru.evoynov.telegram.bot.storage.ChatStateStorage.getState(ChatStateStorage.java:19)
	at ru.evoynov.telegram.bot.flow.EntryBot.onUpdateReceived(EntryBot.java:98)
	at java.base/java.util.ArrayList.forEach(ArrayList.java:1596)
	at org.telegram.telegrambots.meta.generics.LongPollingBot.onUpdatesReceived(LongPollingBot.java:27)
	at org.telegram.telegrambots.updatesreceivers.DefaultBotSession$HandlerThread.run(DefaultBotSession.java:312)
Caused by: com.fasterxml.jackson.databind.exc.InvalidDefinitionException: Cannot construct instance of `ru.evoynov.telegram.bot.storage.ChatState` (no Creators, like default constructor, exist): cannot deserialize from Object value (no delegate- or property-based Creator)
 at [Source: REDACTED (`StreamReadFeature.INCLUDE_SOURCE_IN_LOCATION` disabled); line: 1, column: 15] (through reference chain: ru.evoynov.telegram.bot.storage.ChatStateMap["201786839"])
	at com.fasterxml.jackson.databind.exc.InvalidDefinitionException.from(InvalidDefinitionException.java:67)
	at com.fasterxml.jackson.databind.DeserializationContext.reportBadDefinition(DeserializationContext.java:1887)
	at com.fasterxml.jackson.databind.DatabindContext.reportBadDefinition(DatabindContext.java:414)
	at com.fasterxml.jackson.databind.DeserializationContext.handleMissingInstantiator(DeserializationContext.java:1375)
	at com.fasterxml.jackson.databind.deser.BeanDeserializerBase.deserializeFromObjectUsingNonDefault(BeanDeserializerBase.java:1508)
	at com.fasterxml.jackson.databind.deser.BeanDeserializer.deserializeFromObject(BeanDeserializer.java:348)
	at com.fasterxml.jackson.databind.deser.BeanDeserializer.deserialize(BeanDeserializer.java:185)
	at com.fasterxml.jackson.databind.deser.std.MapDeserializer._readAndBind(MapDeserializer.java:557)
	at com.fasterxml.jackson.databind.deser.std.MapDeserializer.deserialize(MapDeserializer.java:451)
	at com.fasterxml.jackson.databind.deser.std.MapDeserializer.deserialize(MapDeserializer.java:32)
	at com.fasterxml.jackson.databind.deser.DefaultDeserializationContext.readRootValue(DefaultDeserializationContext.java:342)
	at com.fasterxml.jackson.databind.ObjectMapper._readMapAndClose(ObjectMapper.java:4905)
	at com.fasterxml.jackson.databind.ObjectMapper.readValue(ObjectMapper.java:3733)
	at ru.evoynov.telegram.bot.storage.ChatStateMap.restore(ChatStateMap.java:44)
	... 5 common frames omitted

2024-05-30T01:54:01.879+03:00  INFO 76637 --- [evoynov-tg-bot] [SpringApplicationShutdownHook] com.zaxxer.hikari.HikariDataSource       : HikariPool-1 - Shutdown initiated...
2024-05-30T01:54:01.881+03:00  INFO 76637 --- [evoynov-tg-bot] [SpringApplicationShutdownHook] com.zaxxer.hikari.HikariDataSource       : HikariPool-1 - Shutdown completed.
2024-05-30T01:54:10.316+03:00  INFO 76648 --- [evoynov-tg-bot] [main] r.e.t.bot.EVoynovTelegramBotApplication  : Starting EVoynovTelegramBotApplication using Java 21.0.2 with PID 76648 (/Users/ev/IdeaProjects/tg-bot/target/classes started by ev in /Users/ev/IdeaProjects/tg-bot)
2024-05-30T01:54:10.318+03:00  INFO 76648 --- [evoynov-tg-bot] [main] r.e.t.bot.EVoynovTelegramBotApplication  : The following 1 profile is active: "env"
2024-05-30T01:54:10.573+03:00  INFO 76648 --- [evoynov-tg-bot] [main] .s.d.r.c.RepositoryConfigurationDelegate : Bootstrapping Spring Data JDBC repositories in DEFAULT mode.
2024-05-30T01:54:10.583+03:00  INFO 76648 --- [evoynov-tg-bot] [main] .s.d.r.c.RepositoryConfigurationDelegate : Finished Spring Data repository scanning in 8 ms. Found 0 JDBC repository interfaces.
2024-05-30T01:54:10.791+03:00  INFO 76648 --- [evoynov-tg-bot] [main] o.s.b.w.embedded.tomcat.TomcatWebServer  : Tomcat initialized with port 8080 (http)
2024-05-30T01:54:10.797+03:00  INFO 76648 --- [evoynov-tg-bot] [main] o.apache.catalina.core.StandardService   : Starting service [Tomcat]
2024-05-30T01:54:10.798+03:00  INFO 76648 --- [evoynov-tg-bot] [main] o.apache.catalina.core.StandardEngine    : Starting Servlet engine: [Apache Tomcat/10.1.24]
2024-05-30T01:54:10.824+03:00  INFO 76648 --- [evoynov-tg-bot] [main] o.a.c.c.C.[Tomcat].[localhost].[/]       : Initializing Spring embedded WebApplicationContext
2024-05-30T01:54:10.824+03:00  INFO 76648 --- [evoynov-tg-bot] [main] w.s.c.ServletWebServerApplicationContext : Root WebApplicationContext: initialization completed in 491 ms
2024-05-30T01:54:11.460+03:00  INFO 76648 --- [evoynov-tg-bot] [main] com.zaxxer.hikari.HikariDataSource       : HikariPool-1 - Starting...
2024-05-30T01:54:11.539+03:00  INFO 76648 --- [evoynov-tg-bot] [main] com.zaxxer.hikari.pool.HikariPool        : HikariPool-1 - Added connection org.postgresql.jdbc.PgConnection@6b126187
2024-05-30T01:54:11.539+03:00  INFO 76648 --- [evoynov-tg-bot] [main] com.zaxxer.hikari.HikariDataSource       : HikariPool-1 - Start completed.
2024-05-30T01:54:16.621+03:00  INFO 76648 --- [evoynov-tg-bot] [main] liquibase.database                       : Set default schema name to app
2024-05-30T01:54:16.808+03:00  INFO 76648 --- [evoynov-tg-bot] [main] liquibase.changelog                      : Reading from app.databasechangelog
2024-05-30T01:54:16.820+03:00  INFO 76648 --- [evoynov-tg-bot] [main] liquibase.ui                             : Database is up to date, no changesets to execute
2024-05-30T01:54:16.821+03:00  INFO 76648 --- [evoynov-tg-bot] [main] liquibase.changelog                      : Reading from app.databasechangelog
2024-05-30T01:54:16.823+03:00  INFO 76648 --- [evoynov-tg-bot] [main] liquibase.util                           : UPDATE SUMMARY
2024-05-30T01:54:16.823+03:00  INFO 76648 --- [evoynov-tg-bot] [main] liquibase.util                           : Run:                          0
2024-05-30T01:54:16.823+03:00  INFO 76648 --- [evoynov-tg-bot] [main] liquibase.util                           : Previously run:               0
2024-05-30T01:54:16.823+03:00  INFO 76648 --- [evoynov-tg-bot] [main] liquibase.util                           : Filtered out:                 0
2024-05-30T01:54:16.824+03:00  INFO 76648 --- [evoynov-tg-bot] [main] liquibase.util                           : -------------------------------
2024-05-30T01:54:16.824+03:00  INFO 76648 --- [evoynov-tg-bot] [main] liquibase.util                           : Total change sets:            0
2024-05-30T01:54:16.824+03:00  INFO 76648 --- [evoynov-tg-bot] [main] liquibase.util                           : Update summary generated
2024-05-30T01:54:16.834+03:00  INFO 76648 --- [evoynov-tg-bot] [main] liquibase.lockservice                    : Successfully released change log lock
2024-05-30T01:54:16.835+03:00  INFO 76648 --- [evoynov-tg-bot] [main] liquibase.command                        : Command execution complete
2024-05-30T01:54:16.917+03:00  INFO 76648 --- [evoynov-tg-bot] [main] o.s.b.w.embedded.tomcat.TomcatWebServer  : Tomcat started on port 8080 (http) with context path '/'
2024-05-30T01:54:16.922+03:00  INFO 76648 --- [evoynov-tg-bot] [main] r.e.t.bot.EVoynovTelegramBotApplication  : Started EVoynovTelegramBotApplication in 6.768 seconds (process running for 7.043)
2024-05-30T01:54:48.883+03:00  INFO 76648 --- [evoynov-tg-bot] [SpringApplicationShutdownHook] com.zaxxer.hikari.HikariDataSource       : HikariPool-1 - Shutdown initiated...
2024-05-30T01:54:48.884+03:00  INFO 76648 --- [evoynov-tg-bot] [SpringApplicationShutdownHook] com.zaxxer.hikari.HikariDataSource       : HikariPool-1 - Shutdown completed.
